<?xml version="1.0" encoding="UTF-8"?>
<checkstyle version="5.9">
<file name="/Users/Friedrich/gvs-2016-ws-red-collab/src/test/java/de/hhn/it/gvs/cc/blackboard/mldl/BlackBoardTest.java">
<error line="0" severity="warning" message="package-info.java fehlt." source="com.puppycrawl.tools.checkstyle.checks.javadoc.JavadocPackageCheck"/>
<error line="9" severity="warning" message="Javadoc-Kommentar fehlt." source="com.puppycrawl.tools.checkstyle.checks.javadoc.JavadocTypeCheck"/>
<error line="11" column="5" severity="warning" message="Javadoc-Kommentar fehlt." source="com.puppycrawl.tools.checkstyle.checks.javadoc.JavadocVariableCheck"/>
<error line="11" column="23" severity="warning" message="Variable &apos;blackBoard&apos; muss private sein." source="com.puppycrawl.tools.checkstyle.checks.design.VisibilityModifierCheck"/>
<error line="12" column="5" severity="warning" message="Javadoc-Kommentar fehlt." source="com.puppycrawl.tools.checkstyle.checks.javadoc.JavadocVariableCheck"/>
<error line="14" column="5" severity="warning" message="Javadoc-Kommentar fehlt." source="com.puppycrawl.tools.checkstyle.checks.javadoc.JavadocMethodCheck"/>
<error line="20" column="5" severity="warning" message="Javadoc-Kommentar fehlt." source="com.puppycrawl.tools.checkstyle.checks.javadoc.JavadocMethodCheck"/>
</file>
<file name="/Users/Friedrich/gvs-2016-ws-red-collab/src/test/java/de/hhn/it/gvs/cc/blackboard/mldl/nonJunit/LaunchBlackboardOnlyTestClient.java">
<error line="0" severity="warning" message="package-info.java fehlt." source="com.puppycrawl.tools.checkstyle.checks.javadoc.JavadocPackageCheck"/>
<error line="5" column="8" severity="warning" message="Nicht benutztes import - de.hhn.it.gvs.cc.blackboard.mldl.bd.BlackBoardService." source="com.puppycrawl.tools.checkstyle.checks.imports.UnusedImportsCheck"/>
<error line="20" column="1" severity="warning" message="Konstruktoren von Hilfsklassen sollten nicht public oder default deklariert sein." source="com.puppycrawl.tools.checkstyle.checks.design.HideUtilityClassConstructorCheck"/>
<error line="22" column="5" severity="warning" message="Javadoc-Kommentar fehlt." source="com.puppycrawl.tools.checkstyle.checks.javadoc.JavadocVariableCheck"/>
<error line="22" column="33" severity="warning" message="&apos;logger&apos; entspricht nicht dem Muster &apos;^[A-Z][A-Z0-9]*(_[A-Z0-9]+)*$&apos;." source="com.puppycrawl.tools.checkstyle.checks.naming.ConstantNameCheck"/>
<error line="24" column="5" severity="warning" message="Javadoc-Kommentar fehlt." source="com.puppycrawl.tools.checkstyle.checks.javadoc.JavadocMethodCheck"/>
<error line="24" column="29" severity="warning" message="Der Parameter args sollte als &apos;final&apos; deklariert sein." source="com.puppycrawl.tools.checkstyle.checks.FinalParametersCheck"/>
<error line="30" column="82" severity="warning" message="&apos;1099&apos; sollte durch eine Konstante definiert sein." source="com.puppycrawl.tools.checkstyle.checks.coding.MagicNumberCheck"/>
<error line="33" column="64" severity="warning" message="Nach &apos;,&apos; folgt kein Leerzeichen." source="com.puppycrawl.tools.checkstyle.checks.whitespace.WhitespaceAfterCheck"/>
<error line="36" severity="warning" message="Zeile länger als 120 Zeichen" source="com.puppycrawl.tools.checkstyle.checks.sizes.LineLengthCheck"/>
<error line="36" column="106" severity="warning" message="Nach &apos;,&apos; folgt kein Leerzeichen." source="com.puppycrawl.tools.checkstyle.checks.whitespace.WhitespaceAfterCheck"/>
<error line="36" column="119" severity="warning" message="&apos;4&apos; sollte durch eine Konstante definiert sein." source="com.puppycrawl.tools.checkstyle.checks.coding.MagicNumberCheck"/>
<error line="36" column="119" severity="warning" message="Nach &apos;,&apos; folgt kein Leerzeichen." source="com.puppycrawl.tools.checkstyle.checks.whitespace.WhitespaceAfterCheck"/>
</file>
<file name="/Users/Friedrich/gvs-2016-ws-red-collab/src/test/java/de/hhn/it/gvs/cc/blackboard/mldl/nonJunit/LaunchBlackboardOnlyTestServer.java">
<error line="17" column="1" severity="warning" message="Konstruktoren von Hilfsklassen sollten nicht public oder default deklariert sein." source="com.puppycrawl.tools.checkstyle.checks.design.HideUtilityClassConstructorCheck"/>
<error line="19" column="5" severity="warning" message="Javadoc-Kommentar fehlt." source="com.puppycrawl.tools.checkstyle.checks.javadoc.JavadocVariableCheck"/>
<error line="19" column="33" severity="warning" message="&apos;logger&apos; entspricht nicht dem Muster &apos;^[A-Z][A-Z0-9]*(_[A-Z0-9]+)*$&apos;." source="com.puppycrawl.tools.checkstyle.checks.naming.ConstantNameCheck"/>
<error line="21" column="5" severity="warning" message="Javadoc-Kommentar fehlt." source="com.puppycrawl.tools.checkstyle.checks.javadoc.JavadocMethodCheck"/>
<error line="21" column="29" severity="warning" message="Der Parameter args sollte als &apos;final&apos; deklariert sein." source="com.puppycrawl.tools.checkstyle.checks.FinalParametersCheck"/>
<error line="22" column="59" severity="warning" message="&apos;1099&apos; sollte durch eine Konstante definiert sein." source="com.puppycrawl.tools.checkstyle.checks.coding.MagicNumberCheck"/>
<error line="30" column="22" severity="warning" message="&apos;400&apos; sollte durch eine Konstante definiert sein." source="com.puppycrawl.tools.checkstyle.checks.coding.MagicNumberCheck"/>
</file>
<file name="/Users/Friedrich/gvs-2016-ws-red-collab/src/test/java/de/hhn/it/gvs/cc/mindmapping/fkps/MindMappingServiceTest.java">
<error line="0" severity="warning" message="package-info.java fehlt." source="com.puppycrawl.tools.checkstyle.checks.javadoc.JavadocPackageCheck"/>
<error line="18" severity="warning" message="Javadoc-Kommentar fehlt." source="com.puppycrawl.tools.checkstyle.checks.javadoc.JavadocTypeCheck"/>
<error line="20" column="5" severity="warning" message="Javadoc-Kommentar fehlt." source="com.puppycrawl.tools.checkstyle.checks.javadoc.JavadocVariableCheck"/>
<error line="20" column="32" severity="warning" message="&apos;MindMapping&apos; entspricht nicht dem Muster &apos;^[a-z][a-zA-Z0-9]*$&apos;." source="com.puppycrawl.tools.checkstyle.checks.naming.MemberNameCheck"/>
<error line="21" column="5" severity="warning" message="Javadoc-Kommentar fehlt." source="com.puppycrawl.tools.checkstyle.checks.javadoc.JavadocVariableCheck"/>
<error line="22" column="5" severity="warning" message="Javadoc-Kommentar fehlt." source="com.puppycrawl.tools.checkstyle.checks.javadoc.JavadocVariableCheck"/>
<error line="23" column="5" severity="warning" message="Javadoc-Kommentar fehlt." source="com.puppycrawl.tools.checkstyle.checks.javadoc.JavadocVariableCheck"/>
<error line="24" column="5" severity="warning" message="Javadoc-Kommentar fehlt." source="com.puppycrawl.tools.checkstyle.checks.javadoc.JavadocVariableCheck"/>
<error line="26" column="5" severity="warning" message="Javadoc-Kommentar fehlt." source="com.puppycrawl.tools.checkstyle.checks.javadoc.JavadocVariableCheck"/>
<error line="27" column="5" severity="warning" message="Javadoc-Kommentar fehlt." source="com.puppycrawl.tools.checkstyle.checks.javadoc.JavadocVariableCheck"/>
<error line="28" column="5" severity="warning" message="Javadoc-Kommentar fehlt." source="com.puppycrawl.tools.checkstyle.checks.javadoc.JavadocVariableCheck"/>
<error line="30" column="5" severity="warning" message="Die Methode &apos;setUp&apos; ist nicht für Vererbung entworfen - muss abstract, final oder leer sein." source="com.puppycrawl.tools.checkstyle.checks.design.DesignForExtensionCheck"/>
<error line="30" column="5" severity="warning" message="Javadoc-Kommentar fehlt." source="com.puppycrawl.tools.checkstyle.checks.javadoc.JavadocMethodCheck"/>
<error line="37" column="5" severity="warning" message="Die Methode &apos;createMindMapTest&apos; ist nicht für Vererbung entworfen - muss abstract, final oder leer sein." source="com.puppycrawl.tools.checkstyle.checks.design.DesignForExtensionCheck"/>
<error line="37" column="5" severity="warning" message="Javadoc-Kommentar fehlt." source="com.puppycrawl.tools.checkstyle.checks.javadoc.JavadocMethodCheck"/>
<error line="42" column="19" severity="warning" message="&apos;MindMapToken&apos; entspricht nicht dem Muster &apos;^[a-z][a-zA-Z0-9]*$&apos;." source="com.puppycrawl.tools.checkstyle.checks.naming.LocalVariableNameCheck"/>
<error line="53" column="5" severity="warning" message="Die Methode &apos;showMindMapTest&apos; ist nicht für Vererbung entworfen - muss abstract, final oder leer sein." source="com.puppycrawl.tools.checkstyle.checks.design.DesignForExtensionCheck"/>
<error line="53" column="5" severity="warning" message="Javadoc-Kommentar fehlt." source="com.puppycrawl.tools.checkstyle.checks.javadoc.JavadocMethodCheck"/>
<error line="70" column="5" severity="warning" message="Die Methode &apos;addNodeTest&apos; ist nicht für Vererbung entworfen - muss abstract, final oder leer sein." source="com.puppycrawl.tools.checkstyle.checks.design.DesignForExtensionCheck"/>
<error line="70" column="5" severity="warning" message="Javadoc-Kommentar fehlt." source="com.puppycrawl.tools.checkstyle.checks.javadoc.JavadocMethodCheck"/>
<error line="86" column="5" severity="warning" message="Die Methode &apos;deleteNodeTest&apos; ist nicht für Vererbung entworfen - muss abstract, final oder leer sein." source="com.puppycrawl.tools.checkstyle.checks.design.DesignForExtensionCheck"/>
<error line="86" column="5" severity="warning" message="Javadoc-Kommentar fehlt." source="com.puppycrawl.tools.checkstyle.checks.javadoc.JavadocMethodCheck"/>
<error line="101" column="5" severity="warning" message="Die Methode &apos;addRelationTest&apos; ist nicht für Vererbung entworfen - muss abstract, final oder leer sein." source="com.puppycrawl.tools.checkstyle.checks.design.DesignForExtensionCheck"/>
<error line="101" column="5" severity="warning" message="Javadoc-Kommentar fehlt." source="com.puppycrawl.tools.checkstyle.checks.javadoc.JavadocMethodCheck"/>
<error line="116" column="5" severity="warning" message="Die Methode &apos;deleteRelationTest&apos; ist nicht für Vererbung entworfen - muss abstract, final oder leer sein." source="com.puppycrawl.tools.checkstyle.checks.design.DesignForExtensionCheck"/>
<error line="116" column="5" severity="warning" message="Javadoc-Kommentar fehlt." source="com.puppycrawl.tools.checkstyle.checks.javadoc.JavadocMethodCheck"/>
<error line="134" column="5" severity="warning" message="Die Methode &apos;deleteFalseRelationTest&apos; ist nicht für Vererbung entworfen - muss abstract, final oder leer sein." source="com.puppycrawl.tools.checkstyle.checks.design.DesignForExtensionCheck"/>
<error line="134" column="5" severity="warning" message="Javadoc-Kommentar fehlt." source="com.puppycrawl.tools.checkstyle.checks.javadoc.JavadocMethodCheck"/>
<error line="145" column="5" severity="warning" message="Die Methode &apos;updateNodeTest&apos; ist nicht für Vererbung entworfen - muss abstract, final oder leer sein." source="com.puppycrawl.tools.checkstyle.checks.design.DesignForExtensionCheck"/>
<error line="145" column="5" severity="warning" message="Javadoc-Kommentar fehlt." source="com.puppycrawl.tools.checkstyle.checks.javadoc.JavadocMethodCheck"/>
</file>
<file name="/Users/Friedrich/gvs-2016-ws-red-collab/src/test/java/de/hhn/it/gvs/cc/mindmapping/kldg/MindMapServiceTest.java">
<error line="0" severity="warning" message="package-info.java fehlt." source="com.puppycrawl.tools.checkstyle.checks.javadoc.JavadocPackageCheck"/>
<error line="6" column="8" severity="warning" message="Nicht benutztes import - de.hhn.it.gvs.cc.mindmapping.kldg.bd.MMNode." source="com.puppycrawl.tools.checkstyle.checks.imports.UnusedImportsCheck"/>
<error line="7" column="8" severity="warning" message="Nicht benutztes import - de.hhn.it.gvs.cc.mindmapping.kldg.bd.MindMap." source="com.puppycrawl.tools.checkstyle.checks.imports.UnusedImportsCheck"/>
<error line="8" severity="warning" message="Die Form &apos;.*&apos; für import-Anweisungen sollte vermieden werden - org.junit.Assert.*." source="com.puppycrawl.tools.checkstyle.checks.imports.AvoidStarImportCheck"/>
<error line="17" column="5" severity="warning" message="Javadoc-Kommentar fehlt." source="com.puppycrawl.tools.checkstyle.checks.javadoc.JavadocVariableCheck"/>
<error line="17" column="24" severity="warning" message="Variable &apos;theService&apos; muss private sein." source="com.puppycrawl.tools.checkstyle.checks.design.VisibilityModifierCheck"/>
<error line="18" column="5" severity="warning" message="Javadoc-Kommentar fehlt." source="com.puppycrawl.tools.checkstyle.checks.javadoc.JavadocVariableCheck"/>
<error line="18" column="11" severity="warning" message="Variable &apos;userToken&apos; muss private sein." source="com.puppycrawl.tools.checkstyle.checks.design.VisibilityModifierCheck"/>
<error line="19" column="5" severity="warning" message="Javadoc-Kommentar fehlt." source="com.puppycrawl.tools.checkstyle.checks.javadoc.JavadocVariableCheck"/>
<error line="19" column="11" severity="warning" message="Variable &apos;mindMapToken&apos; muss private sein." source="com.puppycrawl.tools.checkstyle.checks.design.VisibilityModifierCheck"/>
<error line="20" column="5" severity="warning" message="Javadoc-Kommentar fehlt." source="com.puppycrawl.tools.checkstyle.checks.javadoc.JavadocVariableCheck"/>
<error line="20" column="11" severity="warning" message="Variable &apos;nodeToken&apos; muss private sein." source="com.puppycrawl.tools.checkstyle.checks.design.VisibilityModifierCheck"/>
<error line="22" column="5" severity="warning" message="Die Methode &apos;setUp&apos; ist nicht für Vererbung entworfen - muss abstract, final oder leer sein." source="com.puppycrawl.tools.checkstyle.checks.design.DesignForExtensionCheck"/>
<error line="22" column="5" severity="warning" message="Javadoc-Kommentar fehlt." source="com.puppycrawl.tools.checkstyle.checks.javadoc.JavadocMethodCheck"/>
<error line="26" column="59" severity="warning" message="Nach &apos;,&apos; folgt kein Leerzeichen." source="com.puppycrawl.tools.checkstyle.checks.whitespace.WhitespaceAfterCheck"/>
<error line="27" column="50" severity="warning" message="Nach &apos;,&apos; folgt kein Leerzeichen." source="com.puppycrawl.tools.checkstyle.checks.whitespace.WhitespaceAfterCheck"/>
<error line="30" column="5" severity="warning" message="Die Methode &apos;createNewMindMapIsNotNullTest&apos; ist nicht für Vererbung entworfen - muss abstract, final oder leer sein." source="com.puppycrawl.tools.checkstyle.checks.design.DesignForExtensionCheck"/>
<error line="30" column="5" severity="warning" message="Javadoc-Kommentar fehlt." source="com.puppycrawl.tools.checkstyle.checks.javadoc.JavadocMethodCheck"/>
<error line="36" column="5" severity="warning" message="Die Methode &apos;addNodeIsNotNullTest&apos; ist nicht für Vererbung entworfen - muss abstract, final oder leer sein." source="com.puppycrawl.tools.checkstyle.checks.design.DesignForExtensionCheck"/>
<error line="36" column="5" severity="warning" message="Javadoc-Kommentar fehlt." source="com.puppycrawl.tools.checkstyle.checks.javadoc.JavadocMethodCheck"/>
<error line="37" severity="warning" message="Zeile länger als 120 Zeichen" source="com.puppycrawl.tools.checkstyle.checks.sizes.LineLengthCheck"/>
<error line="39" column="56" severity="warning" message="Nach &apos;,&apos; folgt kein Leerzeichen." source="com.puppycrawl.tools.checkstyle.checks.whitespace.WhitespaceAfterCheck"/>
<error line="39" column="64" severity="warning" message="Nach &apos;,&apos; folgt kein Leerzeichen." source="com.puppycrawl.tools.checkstyle.checks.whitespace.WhitespaceAfterCheck"/>
<error line="39" column="76" severity="warning" message="Vor &apos;)&apos; befindet sich ein Leerzeichen." source="com.puppycrawl.tools.checkstyle.checks.whitespace.ParenPadCheck"/>
<error line="42" column="5" severity="warning" message="Die Methode &apos;deleteNodeTest&apos; ist nicht für Vererbung entworfen - muss abstract, final oder leer sein." source="com.puppycrawl.tools.checkstyle.checks.design.DesignForExtensionCheck"/>
<error line="42" column="5" severity="warning" message="Javadoc-Kommentar fehlt." source="com.puppycrawl.tools.checkstyle.checks.javadoc.JavadocMethodCheck"/>
<error line="44" column="53" severity="warning" message="Nach &apos;,&apos; folgt kein Leerzeichen." source="com.puppycrawl.tools.checkstyle.checks.whitespace.WhitespaceAfterCheck"/>
<error line="44" column="66" severity="warning" message="Nach &apos;,&apos; folgt kein Leerzeichen." source="com.puppycrawl.tools.checkstyle.checks.whitespace.WhitespaceAfterCheck"/>
<error line="45" column="52" severity="warning" message="Nach &apos;,&apos; folgt kein Leerzeichen." source="com.puppycrawl.tools.checkstyle.checks.whitespace.WhitespaceAfterCheck"/>
<error line="45" column="61" severity="warning" message="Nach &apos;,&apos; folgt kein Leerzeichen." source="com.puppycrawl.tools.checkstyle.checks.whitespace.WhitespaceAfterCheck"/>
<error line="48" column="5" severity="warning" message="Die Methode &apos;updateNodeTest&apos; ist nicht für Vererbung entworfen - muss abstract, final oder leer sein." source="com.puppycrawl.tools.checkstyle.checks.design.DesignForExtensionCheck"/>
<error line="48" column="5" severity="warning" message="Javadoc-Kommentar fehlt." source="com.puppycrawl.tools.checkstyle.checks.javadoc.JavadocMethodCheck"/>
<error line="50" column="41" severity="warning" message="Nach &apos;,&apos; folgt kein Leerzeichen." source="com.puppycrawl.tools.checkstyle.checks.whitespace.WhitespaceAfterCheck"/>
<error line="50" column="51" severity="warning" message="Nach &apos;,&apos; folgt kein Leerzeichen." source="com.puppycrawl.tools.checkstyle.checks.whitespace.WhitespaceAfterCheck"/>
<error line="51" column="36" severity="warning" message="Nach &apos;,&apos; folgt kein Leerzeichen." source="com.puppycrawl.tools.checkstyle.checks.whitespace.WhitespaceAfterCheck"/>
<error line="54" column="5" severity="warning" message="Die Methode &apos;showMindMapTest&apos; ist nicht für Vererbung entworfen - muss abstract, final oder leer sein." source="com.puppycrawl.tools.checkstyle.checks.design.DesignForExtensionCheck"/>
<error line="54" column="5" severity="warning" message="Javadoc-Kommentar fehlt." source="com.puppycrawl.tools.checkstyle.checks.javadoc.JavadocMethodCheck"/>
<error line="55" severity="warning" message="Zeile länger als 120 Zeichen" source="com.puppycrawl.tools.checkstyle.checks.sizes.LineLengthCheck"/>
<error line="57" column="60" severity="warning" message="Nach &apos;,&apos; folgt kein Leerzeichen." source="com.puppycrawl.tools.checkstyle.checks.whitespace.WhitespaceAfterCheck"/>
<error line="60" column="5" severity="warning" message="Die Methode &apos;addRelationAndDeleteRelationDoesWhatItShouldTest&apos; ist nicht für Vererbung entworfen - muss abstract, final oder leer sein." source="com.puppycrawl.tools.checkstyle.checks.design.DesignForExtensionCheck"/>
<error line="60" column="5" severity="warning" message="Javadoc-Kommentar fehlt." source="com.puppycrawl.tools.checkstyle.checks.javadoc.JavadocMethodCheck"/>
<error line="61" severity="warning" message="Zeile länger als 120 Zeichen" source="com.puppycrawl.tools.checkstyle.checks.sizes.LineLengthCheck"/>
<error line="62" column="55" severity="warning" message="Nach &apos;,&apos; folgt kein Leerzeichen." source="com.puppycrawl.tools.checkstyle.checks.whitespace.WhitespaceAfterCheck"/>
<error line="63" column="67" severity="warning" message="Nach &apos;,&apos; folgt kein Leerzeichen." source="com.puppycrawl.tools.checkstyle.checks.whitespace.WhitespaceAfterCheck"/>
<error line="63" column="77" severity="warning" message="Nach &apos;,&apos; folgt kein Leerzeichen." source="com.puppycrawl.tools.checkstyle.checks.whitespace.WhitespaceAfterCheck"/>
<error line="64" column="55" severity="warning" message="Nach &apos;,&apos; folgt kein Leerzeichen." source="com.puppycrawl.tools.checkstyle.checks.whitespace.WhitespaceAfterCheck"/>
<error line="65" column="56" severity="warning" message="Nach &apos;,&apos; folgt kein Leerzeichen." source="com.puppycrawl.tools.checkstyle.checks.whitespace.WhitespaceAfterCheck"/>
<error line="65" column="69" severity="warning" message="Nach &apos;,&apos; folgt kein Leerzeichen." source="com.puppycrawl.tools.checkstyle.checks.whitespace.WhitespaceAfterCheck"/>
<error line="65" column="79" severity="warning" message="Nach &apos;,&apos; folgt kein Leerzeichen." source="com.puppycrawl.tools.checkstyle.checks.whitespace.WhitespaceAfterCheck"/>
<error line="66" column="55" severity="warning" message="Nach &apos;,&apos; folgt kein Leerzeichen." source="com.puppycrawl.tools.checkstyle.checks.whitespace.WhitespaceAfterCheck"/>
<error line="69" column="5" severity="warning" message="Die Methode &apos;deleteRelationWithMultipleChildRelations&apos; ist nicht für Vererbung entworfen - muss abstract, final oder leer sein." source="com.puppycrawl.tools.checkstyle.checks.design.DesignForExtensionCheck"/>
<error line="69" column="5" severity="warning" message="Javadoc-Kommentar fehlt." source="com.puppycrawl.tools.checkstyle.checks.javadoc.JavadocMethodCheck"/>
<error line="70" severity="warning" message="Zeile länger als 120 Zeichen" source="com.puppycrawl.tools.checkstyle.checks.sizes.LineLengthCheck"/>
<error line="71" column="62" severity="warning" message="Nach &apos;,&apos; folgt kein Leerzeichen." source="com.puppycrawl.tools.checkstyle.checks.whitespace.WhitespaceAfterCheck"/>
<error line="72" column="62" severity="warning" message="Nach &apos;,&apos; folgt kein Leerzeichen." source="com.puppycrawl.tools.checkstyle.checks.whitespace.WhitespaceAfterCheck"/>
<error line="73" column="62" severity="warning" message="Nach &apos;,&apos; folgt kein Leerzeichen." source="com.puppycrawl.tools.checkstyle.checks.whitespace.WhitespaceAfterCheck"/>
<error line="74" column="62" severity="warning" message="Nach &apos;,&apos; folgt kein Leerzeichen." source="com.puppycrawl.tools.checkstyle.checks.whitespace.WhitespaceAfterCheck"/>
<error line="75" column="62" severity="warning" message="Nach &apos;,&apos; folgt kein Leerzeichen." source="com.puppycrawl.tools.checkstyle.checks.whitespace.WhitespaceAfterCheck"/>
<error line="77" column="67" severity="warning" message="Nach &apos;,&apos; folgt kein Leerzeichen." source="com.puppycrawl.tools.checkstyle.checks.whitespace.WhitespaceAfterCheck"/>
<error line="77" column="77" severity="warning" message="Nach &apos;,&apos; folgt kein Leerzeichen." source="com.puppycrawl.tools.checkstyle.checks.whitespace.WhitespaceAfterCheck"/>
<error line="78" column="67" severity="warning" message="Nach &apos;,&apos; folgt kein Leerzeichen." source="com.puppycrawl.tools.checkstyle.checks.whitespace.WhitespaceAfterCheck"/>
<error line="78" column="74" severity="warning" message="Nach &apos;,&apos; folgt kein Leerzeichen." source="com.puppycrawl.tools.checkstyle.checks.whitespace.WhitespaceAfterCheck"/>
<error line="79" column="67" severity="warning" message="Nach &apos;,&apos; folgt kein Leerzeichen." source="com.puppycrawl.tools.checkstyle.checks.whitespace.WhitespaceAfterCheck"/>
<error line="79" column="74" severity="warning" message="Nach &apos;,&apos; folgt kein Leerzeichen." source="com.puppycrawl.tools.checkstyle.checks.whitespace.WhitespaceAfterCheck"/>
<error line="80" column="67" severity="warning" message="Nach &apos;,&apos; folgt kein Leerzeichen." source="com.puppycrawl.tools.checkstyle.checks.whitespace.WhitespaceAfterCheck"/>
<error line="80" column="74" severity="warning" message="Nach &apos;,&apos; folgt kein Leerzeichen." source="com.puppycrawl.tools.checkstyle.checks.whitespace.WhitespaceAfterCheck"/>
<error line="81" column="67" severity="warning" message="Nach &apos;,&apos; folgt kein Leerzeichen." source="com.puppycrawl.tools.checkstyle.checks.whitespace.WhitespaceAfterCheck"/>
<error line="81" column="74" severity="warning" message="Nach &apos;,&apos; folgt kein Leerzeichen." source="com.puppycrawl.tools.checkstyle.checks.whitespace.WhitespaceAfterCheck"/>
<error line="83" column="56" severity="warning" message="Nach &apos;,&apos; folgt kein Leerzeichen." source="com.puppycrawl.tools.checkstyle.checks.whitespace.WhitespaceAfterCheck"/>
<error line="83" column="69" severity="warning" message="Nach &apos;,&apos; folgt kein Leerzeichen." source="com.puppycrawl.tools.checkstyle.checks.whitespace.WhitespaceAfterCheck"/>
<error line="83" column="79" severity="warning" message="Nach &apos;,&apos; folgt kein Leerzeichen." source="com.puppycrawl.tools.checkstyle.checks.whitespace.WhitespaceAfterCheck"/>
<error line="85" column="55" severity="warning" message="Nach &apos;,&apos; folgt kein Leerzeichen." source="com.puppycrawl.tools.checkstyle.checks.whitespace.WhitespaceAfterCheck"/>
<error line="86" column="55" severity="warning" message="Nach &apos;,&apos; folgt kein Leerzeichen." source="com.puppycrawl.tools.checkstyle.checks.whitespace.WhitespaceAfterCheck"/>
<error line="87" column="55" severity="warning" message="Nach &apos;,&apos; folgt kein Leerzeichen." source="com.puppycrawl.tools.checkstyle.checks.whitespace.WhitespaceAfterCheck"/>
<error line="88" column="55" severity="warning" message="Nach &apos;,&apos; folgt kein Leerzeichen." source="com.puppycrawl.tools.checkstyle.checks.whitespace.WhitespaceAfterCheck"/>
<error line="89" column="55" severity="warning" message="Nach &apos;,&apos; folgt kein Leerzeichen." source="com.puppycrawl.tools.checkstyle.checks.whitespace.WhitespaceAfterCheck"/>
<error line="90" column="55" severity="warning" message="Nach &apos;,&apos; folgt kein Leerzeichen." source="com.puppycrawl.tools.checkstyle.checks.whitespace.WhitespaceAfterCheck"/>
<error line="95" column="5" severity="warning" message="Die Methode &apos;invalidTokenExceptionWillBeThrownTest&apos; ist nicht für Vererbung entworfen - muss abstract, final oder leer sein." source="com.puppycrawl.tools.checkstyle.checks.design.DesignForExtensionCheck"/>
<error line="95" column="5" severity="warning" message="Javadoc-Kommentar fehlt." source="com.puppycrawl.tools.checkstyle.checks.javadoc.JavadocMethodCheck"/>
<error line="96" severity="warning" message="Zeile länger als 120 Zeichen" source="com.puppycrawl.tools.checkstyle.checks.sizes.LineLengthCheck"/>
<error line="98" column="41" severity="warning" message="Nach &apos;,&apos; folgt kein Leerzeichen." source="com.puppycrawl.tools.checkstyle.checks.whitespace.WhitespaceAfterCheck"/>
</file>
<file name="/Users/Friedrich/gvs-2016-ws-red-collab/src/test/java/de/hhn/it/gvs/cc/poll/vdbf/AnswerTest.java">
<error line="0" severity="warning" message="package-info.java fehlt." source="com.puppycrawl.tools.checkstyle.checks.javadoc.JavadocPackageCheck"/>
<error line="12" severity="warning" message="Der erste Satz sollte mit einem Punkt abschließen." source="com.puppycrawl.tools.checkstyle.checks.javadoc.JavadocStyleCheck"/>
<error line="21" severity="warning" message="Der erste Satz sollte mit einem Punkt abschließen." source="com.puppycrawl.tools.checkstyle.checks.javadoc.JavadocStyleCheck"/>
<error line="24" column="19" severity="warning" message="Variable &apos;answer&apos; muss private sein." source="com.puppycrawl.tools.checkstyle.checks.design.VisibilityModifierCheck"/>
<error line="26" severity="warning" message="Der erste Satz sollte mit einem Punkt abschließen." source="com.puppycrawl.tools.checkstyle.checks.javadoc.JavadocStyleCheck"/>
<error line="32" column="39" severity="warning" message="Erwartete Tag @throws für &apos;Exception&apos;." source="com.puppycrawl.tools.checkstyle.checks.javadoc.JavadocMethodCheck"/>
<error line="36" severity="warning" message="Der erste Satz sollte mit einem Punkt abschließen." source="com.puppycrawl.tools.checkstyle.checks.javadoc.JavadocStyleCheck"/>
<error line="42" column="42" severity="warning" message="Erwartete Tag @throws für &apos;Exception&apos;." source="com.puppycrawl.tools.checkstyle.checks.javadoc.JavadocMethodCheck"/>
<error line="46" severity="warning" message="Der erste Satz sollte mit einem Punkt abschließen." source="com.puppycrawl.tools.checkstyle.checks.javadoc.JavadocStyleCheck"/>
<error line="49" column="5" severity="warning" message="Die Methode &apos;testName&apos; ist nicht für Vererbung entworfen - muss abstract, final oder leer sein." source="com.puppycrawl.tools.checkstyle.checks.design.DesignForExtensionCheck"/>
</file>
<file name="/Users/Friedrich/gvs-2016-ws-red-collab/src/test/java/de/hhn/it/gvs/cc/poll/vdbf/PollServiceTest.java">
<error line="3" severity="warning" message="Die Form &apos;.*&apos; für import-Anweisungen sollte vermieden werden - org.junit.Assert.*." source="com.puppycrawl.tools.checkstyle.checks.imports.AvoidStarImportCheck"/>
<error line="20" severity="warning" message="Der erste Satz sollte mit einem Punkt abschließen." source="com.puppycrawl.tools.checkstyle.checks.javadoc.JavadocStyleCheck"/>
<error line="29" column="5" severity="warning" message="Javadoc-Kommentar fehlt." source="com.puppycrawl.tools.checkstyle.checks.javadoc.JavadocVariableCheck"/>
<error line="29" column="20" severity="warning" message="Variable &apos;pollImp&apos; muss private sein." source="com.puppycrawl.tools.checkstyle.checks.design.VisibilityModifierCheck"/>
<error line="30" column="5" severity="warning" message="Javadoc-Kommentar fehlt." source="com.puppycrawl.tools.checkstyle.checks.javadoc.JavadocVariableCheck"/>
<error line="30" column="17" severity="warning" message="Variable &apos;poll&apos; muss private sein." source="com.puppycrawl.tools.checkstyle.checks.design.VisibilityModifierCheck"/>
<error line="31" column="5" severity="warning" message="Javadoc-Kommentar fehlt." source="com.puppycrawl.tools.checkstyle.checks.javadoc.JavadocVariableCheck"/>
<error line="31" column="17" severity="warning" message="Variable &apos;user&apos; muss private sein." source="com.puppycrawl.tools.checkstyle.checks.design.VisibilityModifierCheck"/>
<error line="32" column="5" severity="warning" message="Javadoc-Kommentar fehlt." source="com.puppycrawl.tools.checkstyle.checks.javadoc.JavadocVariableCheck"/>
<error line="32" column="27" severity="warning" message="Variable &apos;questions&apos; muss private sein." source="com.puppycrawl.tools.checkstyle.checks.design.VisibilityModifierCheck"/>
<error line="34" column="5" severity="warning" message="Javadoc-Kommentar fehlt." source="com.puppycrawl.tools.checkstyle.checks.javadoc.JavadocMethodCheck"/>
<error line="41" column="5" severity="warning" message="Javadoc-Kommentar fehlt." source="com.puppycrawl.tools.checkstyle.checks.javadoc.JavadocMethodCheck"/>
<error line="49" column="5" severity="warning" message="Die Methode &apos;checkTokenTest&apos; ist nicht für Vererbung entworfen - muss abstract, final oder leer sein." source="com.puppycrawl.tools.checkstyle.checks.design.DesignForExtensionCheck"/>
<error line="49" column="5" severity="warning" message="Javadoc-Kommentar fehlt." source="com.puppycrawl.tools.checkstyle.checks.javadoc.JavadocMethodCheck"/>
<error line="50" column="92" severity="warning" message="Vor &apos;{&apos; befindet sich kein Leerzeichen." source="com.puppycrawl.tools.checkstyle.checks.whitespace.WhitespaceAroundCheck"/>
<error line="58" column="5" severity="warning" message="Die Methode &apos;createPollTest&apos; ist nicht für Vererbung entworfen - muss abstract, final oder leer sein." source="com.puppycrawl.tools.checkstyle.checks.design.DesignForExtensionCheck"/>
<error line="58" column="5" severity="warning" message="Javadoc-Kommentar fehlt." source="com.puppycrawl.tools.checkstyle.checks.javadoc.JavadocMethodCheck"/>
<error line="62" column="72" severity="warning" message="&apos;3&apos; sollte durch eine Konstante definiert sein." source="com.puppycrawl.tools.checkstyle.checks.coding.MagicNumberCheck"/>
<error line="65" column="5" severity="warning" message="Die Methode &apos;startPollTest&apos; ist nicht für Vererbung entworfen - muss abstract, final oder leer sein." source="com.puppycrawl.tools.checkstyle.checks.design.DesignForExtensionCheck"/>
<error line="65" column="5" severity="warning" message="Javadoc-Kommentar fehlt." source="com.puppycrawl.tools.checkstyle.checks.javadoc.JavadocMethodCheck"/>
<error line="72" column="5" severity="warning" message="Javadoc-Kommentar fehlt." source="com.puppycrawl.tools.checkstyle.checks.javadoc.JavadocMethodCheck"/>
<error line="77" column="5" severity="warning" message="Die Methode &apos;closePollTest&apos; ist nicht für Vererbung entworfen - muss abstract, final oder leer sein." source="com.puppycrawl.tools.checkstyle.checks.design.DesignForExtensionCheck"/>
<error line="77" column="5" severity="warning" message="Javadoc-Kommentar fehlt." source="com.puppycrawl.tools.checkstyle.checks.javadoc.JavadocMethodCheck"/>
<error line="84" column="5" severity="warning" message="Javadoc-Kommentar fehlt." source="com.puppycrawl.tools.checkstyle.checks.javadoc.JavadocMethodCheck"/>
<error line="89" column="5" severity="warning" message="Javadoc-Kommentar fehlt." source="com.puppycrawl.tools.checkstyle.checks.javadoc.JavadocMethodCheck"/>
<error line="94" column="5" severity="warning" message="Die Methode &apos;getPollTest&apos; ist nicht für Vererbung entworfen - muss abstract, final oder leer sein." source="com.puppycrawl.tools.checkstyle.checks.design.DesignForExtensionCheck"/>
<error line="94" column="5" severity="warning" message="Javadoc-Kommentar fehlt." source="com.puppycrawl.tools.checkstyle.checks.javadoc.JavadocMethodCheck"/>
<error line="99" severity="warning" message="Der erste Satz sollte mit einem Punkt abschließen." source="com.puppycrawl.tools.checkstyle.checks.javadoc.JavadocStyleCheck"/>
<error line="102" column="5" severity="warning" message="Die Methode &apos;ListAllPollsTest&apos; ist nicht für Vererbung entworfen - muss abstract, final oder leer sein." source="com.puppycrawl.tools.checkstyle.checks.design.DesignForExtensionCheck"/>
<error line="103" column="17" severity="warning" message="&apos;ListAllPollsTest&apos; entspricht nicht dem Muster &apos;^[a-z][a-zA-Z0-9]*$&apos;." source="com.puppycrawl.tools.checkstyle.checks.naming.MethodNameCheck"/>
<error line="103" column="43" severity="warning" message="Erwartete Tag @throws für &apos;Exception&apos;." source="com.puppycrawl.tools.checkstyle.checks.javadoc.JavadocMethodCheck"/>
</file>
<file name="/Users/Friedrich/gvs-2016-ws-red-collab/src/test/java/de/hhn/it/gvs/cc/poll/vdbf/PollTest.java">
<error line="17" severity="warning" message="Der erste Satz sollte mit einem Punkt abschließen." source="com.puppycrawl.tools.checkstyle.checks.javadoc.JavadocStyleCheck"/>
<error line="26" severity="warning" message="Der erste Satz sollte mit einem Punkt abschließen." source="com.puppycrawl.tools.checkstyle.checks.javadoc.JavadocStyleCheck"/>
<error line="29" column="17" severity="warning" message="Variable &apos;poll&apos; muss private sein." source="com.puppycrawl.tools.checkstyle.checks.design.VisibilityModifierCheck"/>
<error line="31" severity="warning" message="Der erste Satz sollte mit einem Punkt abschließen." source="com.puppycrawl.tools.checkstyle.checks.javadoc.JavadocStyleCheck"/>
<error line="34" column="17" severity="warning" message="Variable &apos;user&apos; muss private sein." source="com.puppycrawl.tools.checkstyle.checks.design.VisibilityModifierCheck"/>
<error line="36" column="5" severity="warning" message="Javadoc-Kommentar fehlt." source="com.puppycrawl.tools.checkstyle.checks.javadoc.JavadocVariableCheck"/>
<error line="36" column="27" severity="warning" message="Variable &apos;questions&apos; muss private sein." source="com.puppycrawl.tools.checkstyle.checks.design.VisibilityModifierCheck"/>
<error line="38" column="5" severity="warning" message="Javadoc-Kommentar fehlt." source="com.puppycrawl.tools.checkstyle.checks.javadoc.JavadocVariableCheck"/>
<error line="38" column="27" severity="warning" message="Variable &apos;questions1&apos; muss private sein." source="com.puppycrawl.tools.checkstyle.checks.design.VisibilityModifierCheck"/>
<error line="40" severity="warning" message="Der erste Satz sollte mit einem Punkt abschließen." source="com.puppycrawl.tools.checkstyle.checks.javadoc.JavadocStyleCheck"/>
<error line="46" column="39" severity="warning" message="Erwartete Tag @throws für &apos;Exception&apos;." source="com.puppycrawl.tools.checkstyle.checks.javadoc.JavadocMethodCheck"/>
<error line="51" severity="warning" message="Der erste Satz sollte mit einem Punkt abschließen." source="com.puppycrawl.tools.checkstyle.checks.javadoc.JavadocStyleCheck"/>
<error line="57" column="42" severity="warning" message="Erwartete Tag @throws für &apos;Exception&apos;." source="com.puppycrawl.tools.checkstyle.checks.javadoc.JavadocMethodCheck"/>
<error line="61" severity="warning" message="Der erste Satz sollte mit einem Punkt abschließen." source="com.puppycrawl.tools.checkstyle.checks.javadoc.JavadocStyleCheck"/>
<error line="64" column="5" severity="warning" message="Die Methode &apos;testName&apos; ist nicht für Vererbung entworfen - muss abstract, final oder leer sein." source="com.puppycrawl.tools.checkstyle.checks.design.DesignForExtensionCheck"/>
<error line="71" severity="warning" message="Der erste Satz sollte mit einem Punkt abschließen." source="com.puppycrawl.tools.checkstyle.checks.javadoc.JavadocStyleCheck"/>
<error line="75" column="5" severity="warning" message="Die Methode &apos;testMembers&apos; ist nicht für Vererbung entworfen - muss abstract, final oder leer sein." source="com.puppycrawl.tools.checkstyle.checks.design.DesignForExtensionCheck"/>
<error line="76" column="38" severity="warning" message="Erwartete Tag @throws für &apos;Exception&apos;." source="com.puppycrawl.tools.checkstyle.checks.javadoc.JavadocMethodCheck"/>
<error line="85" severity="warning" message="Der erste Satz sollte mit einem Punkt abschließen." source="com.puppycrawl.tools.checkstyle.checks.javadoc.JavadocStyleCheck"/>
<error line="88" column="5" severity="warning" message="Die Methode &apos;testSetQuestion&apos; ist nicht für Vererbung entworfen - muss abstract, final oder leer sein." source="com.puppycrawl.tools.checkstyle.checks.design.DesignForExtensionCheck"/>
</file>
<file name="/Users/Friedrich/gvs-2016-ws-red-collab/src/test/java/de/hhn/it/gvs/cc/poll/vdbf/QuestionTest.java">
<error line="15" severity="warning" message="Der erste Satz sollte mit einem Punkt abschließen." source="com.puppycrawl.tools.checkstyle.checks.javadoc.JavadocStyleCheck"/>
<error line="24" severity="warning" message="Der erste Satz sollte mit einem Punkt abschließen." source="com.puppycrawl.tools.checkstyle.checks.javadoc.JavadocStyleCheck"/>
<error line="27" column="21" severity="warning" message="Variable &apos;question&apos; muss private sein." source="com.puppycrawl.tools.checkstyle.checks.design.VisibilityModifierCheck"/>
<error line="29" column="5" severity="warning" message="Javadoc-Kommentar fehlt." source="com.puppycrawl.tools.checkstyle.checks.javadoc.JavadocVariableCheck"/>
<error line="29" column="25" severity="warning" message="Variable &apos;answers&apos; muss private sein." source="com.puppycrawl.tools.checkstyle.checks.design.VisibilityModifierCheck"/>
<error line="31" column="5" severity="warning" message="Javadoc-Kommentar fehlt." source="com.puppycrawl.tools.checkstyle.checks.javadoc.JavadocVariableCheck"/>
<error line="31" column="25" severity="warning" message="Variable &apos;answers1&apos; muss private sein." source="com.puppycrawl.tools.checkstyle.checks.design.VisibilityModifierCheck"/>
<error line="33" severity="warning" message="Der erste Satz sollte mit einem Punkt abschließen." source="com.puppycrawl.tools.checkstyle.checks.javadoc.JavadocStyleCheck"/>
<error line="39" column="39" severity="warning" message="Erwartete Tag @throws für &apos;Exception&apos;." source="com.puppycrawl.tools.checkstyle.checks.javadoc.JavadocMethodCheck"/>
<error line="43" severity="warning" message="Der erste Satz sollte mit einem Punkt abschließen." source="com.puppycrawl.tools.checkstyle.checks.javadoc.JavadocStyleCheck"/>
<error line="49" column="42" severity="warning" message="Erwartete Tag @throws für &apos;Exception&apos;." source="com.puppycrawl.tools.checkstyle.checks.javadoc.JavadocMethodCheck"/>
<error line="53" severity="warning" message="Der erste Satz sollte mit einem Punkt abschließen." source="com.puppycrawl.tools.checkstyle.checks.javadoc.JavadocStyleCheck"/>
<error line="56" column="5" severity="warning" message="Die Methode &apos;testName&apos; ist nicht für Vererbung entworfen - muss abstract, final oder leer sein." source="com.puppycrawl.tools.checkstyle.checks.design.DesignForExtensionCheck"/>
<error line="63" severity="warning" message="Der erste Satz sollte mit einem Punkt abschließen." source="com.puppycrawl.tools.checkstyle.checks.javadoc.JavadocStyleCheck"/>
<error line="66" column="5" severity="warning" message="Die Methode &apos;testSetAnswer&apos; ist nicht für Vererbung entworfen - muss abstract, final oder leer sein." source="com.puppycrawl.tools.checkstyle.checks.design.DesignForExtensionCheck"/>
</file>
<file name="/Users/Friedrich/gvs-2016-ws-red-collab/src/test/java/de/hhn/it/gvs/cc/todo/fkps/TodoServiceTest.java">
<error line="0" severity="warning" message="package-info.java fehlt." source="com.puppycrawl.tools.checkstyle.checks.javadoc.JavadocPackageCheck"/>
<error line="20" severity="warning" message="Javadoc-Kommentar fehlt." source="com.puppycrawl.tools.checkstyle.checks.javadoc.JavadocTypeCheck"/>
<error line="22" column="5" severity="warning" message="Javadoc-Kommentar fehlt." source="com.puppycrawl.tools.checkstyle.checks.javadoc.JavadocVariableCheck"/>
<error line="23" column="5" severity="warning" message="Javadoc-Kommentar fehlt." source="com.puppycrawl.tools.checkstyle.checks.javadoc.JavadocVariableCheck"/>
<error line="24" column="5" severity="warning" message="Javadoc-Kommentar fehlt." source="com.puppycrawl.tools.checkstyle.checks.javadoc.JavadocVariableCheck"/>
<error line="26" column="5" severity="warning" message="Javadoc-Kommentar fehlt." source="com.puppycrawl.tools.checkstyle.checks.javadoc.JavadocVariableCheck"/>
<error line="27" column="5" severity="warning" message="Javadoc-Kommentar fehlt." source="com.puppycrawl.tools.checkstyle.checks.javadoc.JavadocVariableCheck"/>
<error line="28" column="5" severity="warning" message="Javadoc-Kommentar fehlt." source="com.puppycrawl.tools.checkstyle.checks.javadoc.JavadocVariableCheck"/>
<error line="29" column="5" severity="warning" message="Javadoc-Kommentar fehlt." source="com.puppycrawl.tools.checkstyle.checks.javadoc.JavadocVariableCheck"/>
<error line="31" column="5" severity="warning" message="Die Methode &apos;setUp&apos; ist nicht für Vererbung entworfen - muss abstract, final oder leer sein." source="com.puppycrawl.tools.checkstyle.checks.design.DesignForExtensionCheck"/>
<error line="31" column="5" severity="warning" message="Javadoc-Kommentar fehlt." source="com.puppycrawl.tools.checkstyle.checks.javadoc.JavadocMethodCheck"/>
<error line="38" column="5" severity="warning" message="Die Methode &apos;createTodoListTest&apos; ist nicht für Vererbung entworfen - muss abstract, final oder leer sein." source="com.puppycrawl.tools.checkstyle.checks.design.DesignForExtensionCheck"/>
<error line="38" column="5" severity="warning" message="Javadoc-Kommentar fehlt." source="com.puppycrawl.tools.checkstyle.checks.javadoc.JavadocMethodCheck"/>
<error line="47" severity="warning" message="Das &apos;if&apos;-Konstrukt muss &apos;{}&apos; benutzen." source="com.puppycrawl.tools.checkstyle.checks.blocks.NeedBracesCheck"/>
<error line="57" column="5" severity="warning" message="Die Methode &apos;addAndGetItemsTest&apos; ist nicht für Vererbung entworfen - muss abstract, final oder leer sein." source="com.puppycrawl.tools.checkstyle.checks.design.DesignForExtensionCheck"/>
<error line="57" column="5" severity="warning" message="Javadoc-Kommentar fehlt." source="com.puppycrawl.tools.checkstyle.checks.javadoc.JavadocMethodCheck"/>
<error line="74" column="5" severity="warning" message="Die Methode &apos;updateTodoListItemTest&apos; ist nicht für Vererbung entworfen - muss abstract, final oder leer sein." source="com.puppycrawl.tools.checkstyle.checks.design.DesignForExtensionCheck"/>
<error line="74" column="5" severity="warning" message="Javadoc-Kommentar fehlt." source="com.puppycrawl.tools.checkstyle.checks.javadoc.JavadocMethodCheck"/>
<error line="99" column="5" severity="warning" message="Die Methode &apos;removeTodoListItemTest&apos; ist nicht für Vererbung entworfen - muss abstract, final oder leer sein." source="com.puppycrawl.tools.checkstyle.checks.design.DesignForExtensionCheck"/>
<error line="99" column="5" severity="warning" message="Javadoc-Kommentar fehlt." source="com.puppycrawl.tools.checkstyle.checks.javadoc.JavadocMethodCheck"/>
</file>
<file name="/Users/Friedrich/gvs-2016-ws-red-collab/src/test/java/de/hhn/it/gvs/cc/todo/fkps/nonjunit/LaunchRmiOnlyTestClient.java">
<error line="0" severity="warning" message="package-info.java fehlt." source="com.puppycrawl.tools.checkstyle.checks.javadoc.JavadocPackageCheck"/>
<error line="17" severity="warning" message="Javadoc-Kommentar fehlt." source="com.puppycrawl.tools.checkstyle.checks.javadoc.JavadocTypeCheck"/>
<error line="17" column="1" severity="warning" message="Konstruktoren von Hilfsklassen sollten nicht public oder default deklariert sein." source="com.puppycrawl.tools.checkstyle.checks.design.HideUtilityClassConstructorCheck"/>
<error line="18" column="5" severity="warning" message="Javadoc-Kommentar fehlt." source="com.puppycrawl.tools.checkstyle.checks.javadoc.JavadocVariableCheck"/>
<error line="18" column="33" severity="warning" message="&apos;logger&apos; entspricht nicht dem Muster &apos;^[A-Z][A-Z0-9]*(_[A-Z0-9]+)*$&apos;." source="com.puppycrawl.tools.checkstyle.checks.naming.ConstantNameCheck"/>
<error line="20" column="5" severity="warning" message="Javadoc-Kommentar fehlt." source="com.puppycrawl.tools.checkstyle.checks.javadoc.JavadocMethodCheck"/>
<error line="20" column="29" severity="warning" message="Der Parameter args sollte als &apos;final&apos; deklariert sein." source="com.puppycrawl.tools.checkstyle.checks.FinalParametersCheck"/>
<error line="25" column="68" severity="warning" message="&apos;1099&apos; sollte durch eine Konstante definiert sein." source="com.puppycrawl.tools.checkstyle.checks.coding.MagicNumberCheck"/>
</file>
<file name="/Users/Friedrich/gvs-2016-ws-red-collab/src/test/java/de/hhn/it/gvs/cc/todo/fkps/nonjunit/LaunchTodoOnlyTestServer.java">
<error line="15" severity="warning" message="Javadoc-Kommentar fehlt." source="com.puppycrawl.tools.checkstyle.checks.javadoc.JavadocTypeCheck"/>
<error line="15" column="1" severity="warning" message="Konstruktoren von Hilfsklassen sollten nicht public oder default deklariert sein." source="com.puppycrawl.tools.checkstyle.checks.design.HideUtilityClassConstructorCheck"/>
<error line="17" column="5" severity="warning" message="Javadoc-Kommentar fehlt." source="com.puppycrawl.tools.checkstyle.checks.javadoc.JavadocVariableCheck"/>
<error line="17" column="33" severity="warning" message="&apos;logger&apos; entspricht nicht dem Muster &apos;^[A-Z][A-Z0-9]*(_[A-Z0-9]+)*$&apos;." source="com.puppycrawl.tools.checkstyle.checks.naming.ConstantNameCheck"/>
<error line="19" column="5" severity="warning" message="Javadoc-Kommentar fehlt." source="com.puppycrawl.tools.checkstyle.checks.javadoc.JavadocMethodCheck"/>
<error line="19" column="29" severity="warning" message="Der Parameter args sollte als &apos;final&apos; deklariert sein." source="com.puppycrawl.tools.checkstyle.checks.FinalParametersCheck"/>
<error line="20" column="59" severity="warning" message="&apos;1099&apos; sollte durch eine Konstante definiert sein." source="com.puppycrawl.tools.checkstyle.checks.coding.MagicNumberCheck"/>
<error line="28" column="22" severity="warning" message="&apos;500&apos; sollte durch eine Konstante definiert sein." source="com.puppycrawl.tools.checkstyle.checks.coding.MagicNumberCheck"/>
</file>
<file name="/Users/Friedrich/gvs-2016-ws-red-collab/src/test/java/de/hhn/it/gvs/cc/todo/fkps/rest/TodoServiceRestClient.java">
<error line="0" severity="warning" message="package-info.java fehlt." source="com.puppycrawl.tools.checkstyle.checks.javadoc.JavadocPackageCheck"/>
<error line="12" severity="warning" message="Javadoc-Kommentar fehlt." source="com.puppycrawl.tools.checkstyle.checks.javadoc.JavadocTypeCheck"/>
<error line="12" column="1" severity="warning" message="Konstruktoren von Hilfsklassen sollten nicht public oder default deklariert sein." source="com.puppycrawl.tools.checkstyle.checks.design.HideUtilityClassConstructorCheck"/>
<error line="14" column="5" severity="warning" message="Javadoc-Kommentar fehlt." source="com.puppycrawl.tools.checkstyle.checks.javadoc.JavadocVariableCheck"/>
<error line="14" column="43" severity="warning" message="&apos;logger&apos; entspricht nicht dem Muster &apos;^[A-Z][A-Z0-9]*(_[A-Z0-9]+)*$&apos;." source="com.puppycrawl.tools.checkstyle.checks.naming.ConstantNameCheck"/>
<error line="16" column="5" severity="warning" message="Javadoc-Kommentar fehlt." source="com.puppycrawl.tools.checkstyle.checks.javadoc.JavadocMethodCheck"/>
<error line="16" column="29" severity="warning" message="Der Parameter args sollte als &apos;final&apos; deklariert sein." source="com.puppycrawl.tools.checkstyle.checks.FinalParametersCheck"/>
</file>
<file name="/Users/Friedrich/gvs-2016-ws-red-collab/src/test/java/de/hhn/it/gvs/cc/todo/fkps/rest/TodoServiceRestService.java">
<error line="16" severity="warning" message="Javadoc-Kommentar fehlt." source="com.puppycrawl.tools.checkstyle.checks.javadoc.JavadocTypeCheck"/>
<error line="21" column="5" severity="warning" message="Javadoc-Kommentar fehlt." source="com.puppycrawl.tools.checkstyle.checks.javadoc.JavadocVariableCheck"/>
<error line="21" column="43" severity="warning" message="&apos;logger&apos; entspricht nicht dem Muster &apos;^[A-Z][A-Z0-9]*(_[A-Z0-9]+)*$&apos;." source="com.puppycrawl.tools.checkstyle.checks.naming.ConstantNameCheck"/>
<error line="23" column="5" severity="warning" message="Javadoc-Kommentar fehlt." source="com.puppycrawl.tools.checkstyle.checks.javadoc.JavadocMethodCheck"/>
<error line="23" column="29" severity="warning" message="Der Parameter args sollte als &apos;final&apos; deklariert sein." source="com.puppycrawl.tools.checkstyle.checks.FinalParametersCheck"/>
<error line="33" column="5" severity="warning" message="Die Methode &apos;api&apos; ist nicht für Vererbung entworfen - muss abstract, final oder leer sein." source="com.puppycrawl.tools.checkstyle.checks.design.DesignForExtensionCheck"/>
<error line="33" column="5" severity="warning" message="Javadoc-Kommentar fehlt." source="com.puppycrawl.tools.checkstyle.checks.javadoc.JavadocMethodCheck"/>
</file>
<file name="/Users/Friedrich/gvs-2016-ws-red-collab/src/test/java/de/hhn/it/gvs/cc/todo/fkps/sockets/TodoServiceSocketClientTest.java">
<error line="0" severity="warning" message="package-info.java fehlt." source="com.puppycrawl.tools.checkstyle.checks.javadoc.JavadocPackageCheck"/>
<error line="9" severity="warning" message="Javadoc-Kommentar fehlt." source="com.puppycrawl.tools.checkstyle.checks.javadoc.JavadocTypeCheck"/>
<error line="9" column="1" severity="warning" message="Konstruktoren von Hilfsklassen sollten nicht public oder default deklariert sein." source="com.puppycrawl.tools.checkstyle.checks.design.HideUtilityClassConstructorCheck"/>
<error line="11" column="5" severity="warning" message="Javadoc-Kommentar fehlt." source="com.puppycrawl.tools.checkstyle.checks.javadoc.JavadocVariableCheck"/>
<error line="11" column="43" severity="warning" message="&apos;logger&apos; entspricht nicht dem Muster &apos;^[A-Z][A-Z0-9]*(_[A-Z0-9]+)*$&apos;." source="com.puppycrawl.tools.checkstyle.checks.naming.ConstantNameCheck"/>
<error line="13" column="5" severity="warning" message="Javadoc-Kommentar fehlt." source="com.puppycrawl.tools.checkstyle.checks.javadoc.JavadocMethodCheck"/>
<error line="13" column="29" severity="warning" message="Der Parameter args sollte als &apos;final&apos; deklariert sein." source="com.puppycrawl.tools.checkstyle.checks.FinalParametersCheck"/>
<error line="20" column="72" severity="warning" message="&apos;1099&apos; sollte durch eine Konstante definiert sein." source="com.puppycrawl.tools.checkstyle.checks.coding.MagicNumberCheck"/>
</file>
<file name="/Users/Friedrich/gvs-2016-ws-red-collab/src/test/java/de/hhn/it/gvs/cc/todo/fkps/sockets/TodoServiceSocketServerTest.java">
<error line="7" severity="warning" message="Javadoc-Kommentar fehlt." source="com.puppycrawl.tools.checkstyle.checks.javadoc.JavadocTypeCheck"/>
<error line="7" column="1" severity="warning" message="Konstruktoren von Hilfsklassen sollten nicht public oder default deklariert sein." source="com.puppycrawl.tools.checkstyle.checks.design.HideUtilityClassConstructorCheck"/>
<error line="9" column="5" severity="warning" message="Javadoc-Kommentar fehlt." source="com.puppycrawl.tools.checkstyle.checks.javadoc.JavadocVariableCheck"/>
<error line="9" column="43" severity="warning" message="&apos;logger&apos; entspricht nicht dem Muster &apos;^[A-Z][A-Z0-9]*(_[A-Z0-9]+)*$&apos;." source="com.puppycrawl.tools.checkstyle.checks.naming.ConstantNameCheck"/>
<error line="11" column="5" severity="warning" message="Javadoc-Kommentar fehlt." source="com.puppycrawl.tools.checkstyle.checks.javadoc.JavadocMethodCheck"/>
<error line="11" column="29" severity="warning" message="Der Parameter args sollte als &apos;final&apos; deklariert sein." source="com.puppycrawl.tools.checkstyle.checks.FinalParametersCheck"/>
<error line="13" column="78" severity="warning" message="&apos;1099&apos; sollte durch eine Konstante definiert sein." source="com.puppycrawl.tools.checkstyle.checks.coding.MagicNumberCheck"/>
</file>
<file name="/Users/Friedrich/gvs-2016-ws-red-collab/src/test/java/de/hhn/it/gvs/cc/todo/kldg/TodoListsTest.java">
<error line="0" severity="warning" message="package-info.java fehlt." source="com.puppycrawl.tools.checkstyle.checks.javadoc.JavadocPackageCheck"/>
<error line="16" column="5" severity="warning" message="Javadoc-Kommentar fehlt." source="com.puppycrawl.tools.checkstyle.checks.javadoc.JavadocVariableCheck"/>
<error line="16" column="22" severity="warning" message="Variable &apos;service&apos; muss private sein." source="com.puppycrawl.tools.checkstyle.checks.design.VisibilityModifierCheck"/>
<error line="17" column="5" severity="warning" message="Javadoc-Kommentar fehlt." source="com.puppycrawl.tools.checkstyle.checks.javadoc.JavadocVariableCheck"/>
<error line="17" column="11" severity="warning" message="Variable &apos;userToken&apos; muss private sein." source="com.puppycrawl.tools.checkstyle.checks.design.VisibilityModifierCheck"/>
<error line="19" column="5" severity="warning" message="Die Methode &apos;createNewTodoListTest&apos; ist nicht für Vererbung entworfen - muss abstract, final oder leer sein." source="com.puppycrawl.tools.checkstyle.checks.design.DesignForExtensionCheck"/>
<error line="19" column="5" severity="warning" message="Javadoc-Kommentar fehlt." source="com.puppycrawl.tools.checkstyle.checks.javadoc.JavadocMethodCheck"/>
<error line="20" severity="warning" message="Zeile länger als 120 Zeichen" source="com.puppycrawl.tools.checkstyle.checks.sizes.LineLengthCheck"/>
<error line="26" column="5" severity="warning" message="Die Methode &apos;addItemTest&apos; ist nicht für Vererbung entworfen - muss abstract, final oder leer sein." source="com.puppycrawl.tools.checkstyle.checks.design.DesignForExtensionCheck"/>
<error line="26" column="5" severity="warning" message="Javadoc-Kommentar fehlt." source="com.puppycrawl.tools.checkstyle.checks.javadoc.JavadocMethodCheck"/>
</file>
</checkstyle>
